app/app/build/intermediates/manifest_merge_blame_file/debug/manifest-merger-blame-debug-report.txt
1<?xml version="1.0" encoding="utf-8"?>
2<!--
3  ~ Copyright 2017 Google Inc. All rights reserved.
4  ~
5  ~ Licensed under the Apache License, Version 2.0 (the "License");
6  ~ you may not use this file except in compliance with the License.
7  ~ You may obtain a copy of the License at
8  ~
9  ~     http://www.apache.org/licenses/LICENSE-2.0
10  ~
11  ~ Unless required by applicable law or agreed to in writing, software
12  ~ distributed under the License is distributed on an "AS IS" BASIS,
13  ~ WITHOUT WARRANTIES OR CONDITIONS OF ANY KIND, either express or implied.
14  ~ See the License for the specific language governing permissions and
15  ~ limitations under the License.
16-->
17<manifest xmlns:android="http://schemas.android.com/apk/res/android"
18    xmlns:dist="http://schemas.android.com/apk/distribution"
19    package="com.example.android.uamp.next"
20    android:versionCode="1"
21    android:versionName="1.0" >
22
23    <uses-sdk
24        android:minSdkVersion="19"
24-->src/main/AndroidManifest.xml
25        android:targetSdkVersion="30" />
25-->src/main/AndroidManifest.xml
26
27    <uses-permission android:name="android.permission.FOREGROUND_SERVICE" />
27-->[:common] AndroidManifest.xml:26:5-77
27-->[:common] AndroidManifest.xml:26:22-74
28    <uses-permission android:name="android.permission.INTERNET" />
28-->[:common] AndroidManifest.xml:27:5-67
28-->[:common] AndroidManifest.xml:27:22-64
29    <uses-permission android:name="android.permission.ACCESS_NETWORK_STATE" />
29-->[com.google.android.exoplayer:exoplayer-core:2.11.5] AndroidManifest.xml:24:5-79
29-->[com.google.android.exoplayer:exoplayer-core:2.11.5] AndroidManifest.xml:24:22-76
30
31    <application
31-->src/main/AndroidManifest.xml:22:5-95:19
32        android:name="androidx.multidex.MultiDexApplication"
33        android:allowBackup="true"
33-->src/main/AndroidManifest.xml:23:9-35
34        android:appComponentFactory="androidx.core.app.CoreComponentFactory"
34-->[androidx.core:core:1.3.1] AndroidManifest.xml:24:18-86
35        android:debuggable="true"
36        android:icon="@mipmap/ic_launcher"
36-->src/main/AndroidManifest.xml:24:9-43
37        android:label="@string/app_name"
37-->src/main/AndroidManifest.xml:25:9-41
38        android:roundIcon="@mipmap/ic_launcher_round"
38-->src/main/AndroidManifest.xml:26:9-54
39        android:supportsRtl="true"
39-->src/main/AndroidManifest.xml:27:9-35
40        android:targetSandboxVersion="2"
40-->src/main/AndroidManifest.xml:28:9-41
41        android:testOnly="true"
42        android:theme="@style/AppTheme" >
42-->src/main/AndroidManifest.xml:29:9-40
43
44        <!-- Enable instant app support -->
45        <dist:module dist:instant="true" />
45-->src/main/AndroidManifest.xml:32:9-44
45-->src/main/AndroidManifest.xml:32:22-41
46
47        <!-- Declare that UAMP supports Android Auto. -->
48        <meta-data
48-->src/main/AndroidManifest.xml:35:9-37:59
49            android:name="com.google.android.gms.car.application"
49-->src/main/AndroidManifest.xml:36:13-66
50            android:resource="@xml/automotive_app_desc" />
50-->src/main/AndroidManifest.xml:37:13-56
51
52        <!-- Declare that UAMP supports Cast. -->
53        <meta-data
53-->src/main/AndroidManifest.xml:40:9-41:84
54            android:name="com.google.android.gms.cast.framework.OPTIONS_PROVIDER_CLASS_NAME"
54-->src/main/AndroidManifest.xml:40:20-100
55            android:value="com.example.android.uamp.cast.UampCastOptionsProvider" />
55-->src/main/AndroidManifest.xml:41:13-82
56
57        <activity android:name="com.example.android.uamp.MainActivity" >
57-->src/main/AndroidManifest.xml:43:9-78:20
57-->src/main/AndroidManifest.xml:43:19-47
58            <intent-filter>
58-->src/main/AndroidManifest.xml:44:13-47:29
59                <action android:name="android.intent.action.MAIN" />
59-->src/main/AndroidManifest.xml:45:17-69
59-->src/main/AndroidManifest.xml:45:25-66
60
61                <category android:name="android.intent.category.LAUNCHER" />
61-->src/main/AndroidManifest.xml:46:17-77
61-->src/main/AndroidManifest.xml:46:27-74
62            </intent-filter>
63
64            <!-- App links for http -->
65            <intent-filter>
65-->src/main/AndroidManifest.xml:50:13-60:29
66                <action android:name="android.intent.action.VIEW" />
66-->src/main/AndroidManifest.xml:51:17-69
66-->src/main/AndroidManifest.xml:51:25-66
67
68                <category android:name="android.intent.category.DEFAULT" />
68-->src/main/AndroidManifest.xml:53:17-76
68-->src/main/AndroidManifest.xml:53:27-73
69                <category android:name="android.intent.category.BROWSABLE" />
69-->src/main/AndroidManifest.xml:54:17-78
69-->src/main/AndroidManifest.xml:54:27-75
70
71                <data
71-->src/main/AndroidManifest.xml:56:17-59:45
72                    android:host="example.android.com"
72-->src/main/AndroidManifest.xml:57:21-55
73                    android:pathPattern="/uamp"
73-->src/main/AndroidManifest.xml:58:21-48
74                    android:scheme="http" />
74-->src/main/AndroidManifest.xml:59:21-42
75            </intent-filter>
76
77            <!-- App links for https -->
78            <intent-filter>
78-->src/main/AndroidManifest.xml:63:13-73:29
79                <action android:name="android.intent.action.VIEW" />
79-->src/main/AndroidManifest.xml:51:17-69
79-->src/main/AndroidManifest.xml:51:25-66
80
81                <category android:name="android.intent.category.DEFAULT" />
81-->src/main/AndroidManifest.xml:53:17-76
81-->src/main/AndroidManifest.xml:53:27-73
82                <category android:name="android.intent.category.BROWSABLE" />
82-->src/main/AndroidManifest.xml:54:17-78
82-->src/main/AndroidManifest.xml:54:27-75
83
84                <data
84-->src/main/AndroidManifest.xml:56:17-59:45
85                    android:host="example.android.com"
85-->src/main/AndroidManifest.xml:57:21-55
86                    android:pathPattern="/uamp"
86-->src/main/AndroidManifest.xml:58:21-48
87                    android:scheme="https" />
87-->src/main/AndroidManifest.xml:59:21-42
88            </intent-filter>
89            <intent-filter>
89-->src/main/AndroidManifest.xml:75:13-77:29
90                <action android:name="android.media.action.MEDIA_PLAY_FROM_SEARCH" />
90-->src/main/AndroidManifest.xml:76:17-86
90-->src/main/AndroidManifest.xml:76:25-83
91            </intent-filter>
92        </activity>
93
94        <!--
95        Declare the common MediaBrowserService for use in the mobile app, including
96        with the Android Auto app.
97        -->
98        <service
98-->src/main/AndroidManifest.xml:84:9-93:19
99            android:name="com.example.android.uamp.media.MusicService"
99-->src/main/AndroidManifest.xml:85:13-47
100            android:enabled="true"
100-->src/main/AndroidManifest.xml:86:13-35
101            android:exported="true" >
101-->src/main/AndroidManifest.xml:87:13-36
102            <intent-filter>
102-->src/main/AndroidManifest.xml:90:13-92:29
103                <action android:name="android.media.browse.MediaBrowserService" />
103-->src/main/AndroidManifest.xml:91:17-83
103-->src/main/AndroidManifest.xml:91:25-80
104            </intent-filter>
105        </service>
106
107        <!--
108             MediaSession, prior to API 21, uses a broadcast receiver to communicate with a
109             media session. It does not have to be this broadcast receiver, but it must
110             handle the action "android.intent.action.MEDIA_BUTTON".
111
112             Additionally, this is used to resume the service from an inactive state upon
113             receiving a media button event (such as "play").
114        -->
115        <receiver android:name="androidx.media.session.MediaButtonReceiver" >
115-->[:common] AndroidManifest.xml:39:9-43:20
115-->[:common] AndroidManifest.xml:39:19-76
116            <intent-filter>
116-->[:common] AndroidManifest.xml:40:13-42:29
117                <action android:name="android.intent.action.MEDIA_BUTTON" />
117-->[:common] AndroidManifest.xml:41:17-77
117-->[:common] AndroidManifest.xml:41:25-74
118            </intent-filter>
119        </receiver>
120
121        <provider
121-->[:common] AndroidManifest.xml:45:9-48:39
122            android:name="com.example.android.uamp.media.library.AlbumArtContentProvider"
122-->[:common] AndroidManifest.xml:46:13-90
123            android:authorities="com.example.android.uamp.media.library.provider"
123-->[:common] AndroidManifest.xml:47:13-82
124            android:exported="true" />
124-->[:common] AndroidManifest.xml:48:13-36
125
126        <receiver
126-->[com.google.android.gms:play-services-cast-framework:18.1.0] AndroidManifest.xml:10:9-12:40
127            android:name="com.google.android.gms.cast.framework.media.MediaIntentReceiver"
127-->[com.google.android.gms:play-services-cast-framework:18.1.0] AndroidManifest.xml:11:13-91
128            android:exported="false" />
128-->[com.google.android.gms:play-services-cast-framework:18.1.0] AndroidManifest.xml:12:13-37
129
130        <service
130-->[com.google.android.gms:play-services-cast-framework:18.1.0] AndroidManifest.xml:14:9-16:40
131            android:name="com.google.android.gms.cast.framework.media.MediaNotificationService"
131-->[com.google.android.gms:play-services-cast-framework:18.1.0] AndroidManifest.xml:15:13-96
132            android:exported="false" />
132-->[com.google.android.gms:play-services-cast-framework:18.1.0] AndroidManifest.xml:16:13-37
133        <service
133-->[com.google.android.gms:play-services-cast-framework:18.1.0] AndroidManifest.xml:17:9-19:40
134            android:name="com.google.android.gms.cast.framework.ReconnectionService"
134-->[com.google.android.gms:play-services-cast-framework:18.1.0] AndroidManifest.xml:18:13-85
135            android:exported="false" />
135-->[com.google.android.gms:play-services-cast-framework:18.1.0] AndroidManifest.xml:19:13-37
136
137        <activity
137-->[com.google.android.gms:play-services-base:17.1.0] AndroidManifest.xml:23:9-26:75
138            android:name="com.google.android.gms.common.api.GoogleApiActivity"
138-->[com.google.android.gms:play-services-base:17.1.0] AndroidManifest.xml:24:13-79
139            android:exported="false"
139-->[com.google.android.gms:play-services-base:17.1.0] AndroidManifest.xml:25:13-37
140            android:theme="@android:style/Theme.Translucent.NoTitleBar" />
140-->[com.google.android.gms:play-services-base:17.1.0] AndroidManifest.xml:26:13-72
141
142        <meta-data
142-->[com.google.android.gms:play-services-basement:17.1.0] AndroidManifest.xml:23:9-25:69
143            android:name="com.google.android.gms.version"
143-->[com.google.android.gms:play-services-basement:17.1.0] AndroidManifest.xml:24:13-58
144            android:value="@integer/google_play_services_version" />
144-->[com.google.android.gms:play-services-basement:17.1.0] AndroidManifest.xml:25:13-66
145
146        <provider
146-->[androidx.lifecycle:lifecycle-process:2.2.0] AndroidManifest.xml:25:9-29:43
147            android:name="androidx.lifecycle.ProcessLifecycleOwnerInitializer"
147-->[androidx.lifecycle:lifecycle-process:2.2.0] AndroidManifest.xml:26:13-79
148            android:authorities="com.example.android.uamp.next.lifecycle-process"
148-->[androidx.lifecycle:lifecycle-process:2.2.0] AndroidManifest.xml:27:13-69
149            android:exported="false"
149-->[androidx.lifecycle:lifecycle-process:2.2.0] AndroidManifest.xml:28:13-37
150            android:multiprocess="true" />
150-->[androidx.lifecycle:lifecycle-process:2.2.0] AndroidManifest.xml:29:13-40
151
152        <service
152-->[com.google.android.datatransport:transport-backend-cct:2.1.0] AndroidManifest.xml:29:9-35:19
153            android:name="com.google.android.datatransport.runtime.backends.TransportBackendDiscovery"
153-->[com.google.android.datatransport:transport-backend-cct:2.1.0] AndroidManifest.xml:30:13-103
154            android:exported="false" >
154-->[com.google.android.datatransport:transport-backend-cct:2.1.0] AndroidManifest.xml:31:13-37
155            <meta-data
155-->[com.google.android.datatransport:transport-backend-cct:2.1.0] AndroidManifest.xml:32:13-34:39
156                android:name="backend:com.google.android.datatransport.cct.CctBackendFactory"
156-->[com.google.android.datatransport:transport-backend-cct:2.1.0] AndroidManifest.xml:33:17-94
157                android:value="cct" />
157-->[com.google.android.datatransport:transport-backend-cct:2.1.0] AndroidManifest.xml:34:17-36
158        </service>
159        <service
159-->[com.google.android.datatransport:transport-runtime:2.1.0] AndroidManifest.xml:26:9-30:19
160            android:name="com.google.android.datatransport.runtime.scheduling.jobscheduling.JobInfoSchedulerService"
160-->[com.google.android.datatransport:transport-runtime:2.1.0] AndroidManifest.xml:27:13-117
161            android:exported="false"
161-->[com.google.android.datatransport:transport-runtime:2.1.0] AndroidManifest.xml:28:13-37
162            android:permission="android.permission.BIND_JOB_SERVICE" >
162-->[com.google.android.datatransport:transport-runtime:2.1.0] AndroidManifest.xml:29:13-69
163        </service>
164
165        <receiver
165-->[com.google.android.datatransport:transport-runtime:2.1.0] AndroidManifest.xml:32:9-34:40
166            android:name="com.google.android.datatransport.runtime.scheduling.jobscheduling.AlarmManagerSchedulerBroadcastReceiver"
166-->[com.google.android.datatransport:transport-runtime:2.1.0] AndroidManifest.xml:33:13-132
167            android:exported="false" />
167-->[com.google.android.datatransport:transport-runtime:2.1.0] AndroidManifest.xml:34:13-37
168    </application>
169
170</manifest>